  Source.cpp
g:\visualprojects\pathtracing\pathtracing\pathtracing\source.cpp(25): warning C4244: =: преобразование "double" в "float", возможна потеря данных
g:\visualprojects\pathtracing\pathtracing\pathtracing\source.cpp(26): warning C4244: =: преобразование "double" в "float", возможна потеря данных
g:\visualprojects\pathtracing\pathtracing\pathtracing\source.cpp(143): warning C4244: =: преобразование "double" в "int", возможна потеря данных
g:\visualprojects\pathtracing\pathtracing\pathtracing\source.cpp(166): warning C4244: аргумент: преобразование "double" в "int", возможна потеря данных
g:\visualprojects\pathtracing\pathtracing\pathtracing\source.cpp(284): warning C4244: =: преобразование "int" в "float", возможна потеря данных
g:\visualprojects\pathtracing\pathtracing\pathtracing\source.cpp(289): warning C4244: аргумент: преобразование "double" в "int", возможна потеря данных
g:\visualprojects\pathtracing\pathtracing\pathtracing\source.cpp(289): warning C4244: инициализация: преобразование "double" в "int", возможна потеря данных
g:\visualprojects\pathtracing\pathtracing\pathtracing\source.cpp(290): warning C4244: аргумент: преобразование "double" в "int", возможна потеря данных
g:\visualprojects\pathtracing\pathtracing\pathtracing\source.cpp(290): warning C4244: инициализация: преобразование "double" в "int", возможна потеря данных
g:\visualprojects\pathtracing\pathtracing\pathtracing\source.cpp(292): warning C4244: аргумент: преобразование "int" в "float", возможна потеря данных
g:\visualprojects\pathtracing\pathtracing\pathtracing\source.cpp(295): warning C4018: <: несоответствие типов со знаком и без знака
g:\visualprojects\pathtracing\pathtracing\pathtracing\source.cpp(333): warning C4244: аргумент: преобразование "double" в "int", возможна потеря данных
g:\visualprojects\pathtracing\pathtracing\pathtracing\source.cpp(334): warning C4244: аргумент: преобразование "double" в "int", возможна потеря данных
g:\visualprojects\pathtracing\pathtracing\pathtracing\source.cpp(337): warning C4244: аргумент: преобразование "double" в "int", возможна потеря данных
g:\visualprojects\pathtracing\pathtracing\pathtracing\source.cpp(338): warning C4244: аргумент: преобразование "double" в "int", возможна потеря данных
g:\visualprojects\pathtracing\pathtracing\pathtracing\source.cpp(341): warning C4244: аргумент: преобразование "double" в "int", возможна потеря данных
g:\visualprojects\pathtracing\pathtracing\pathtracing\source.cpp(342): warning C4244: аргумент: преобразование "double" в "int", возможна потеря данных
g:\visualprojects\pathtracing\pathtracing\pathtracing\source.cpp(345): warning C4244: аргумент: преобразование "double" в "int", возможна потеря данных
g:\visualprojects\pathtracing\pathtracing\pathtracing\source.cpp(346): warning C4244: аргумент: преобразование "double" в "int", возможна потеря данных
g:\visualprojects\pathtracing\pathtracing\pathtracing\source.cpp(362): warning C4244: аргумент: преобразование "double" в "int", возможна потеря данных
g:\visualprojects\pathtracing\pathtracing\pathtracing\source.cpp(362): warning C4244: инициализация: преобразование "double" в "int", возможна потеря данных
g:\visualprojects\pathtracing\pathtracing\pathtracing\source.cpp(363): warning C4244: аргумент: преобразование "double" в "int", возможна потеря данных
g:\visualprojects\pathtracing\pathtracing\pathtracing\source.cpp(363): warning C4244: инициализация: преобразование "double" в "int", возможна потеря данных
g:\visualprojects\pathtracing\pathtracing\pathtracing\source.cpp(367): warning C4244: =: преобразование "double" в "float", возможна потеря данных
g:\visualprojects\pathtracing\pathtracing\pathtracing\source.cpp(369): warning C4244: аргумент: преобразование "int" в "float", возможна потеря данных
g:\visualprojects\pathtracing\pathtracing\pathtracing\source.cpp(372): warning C4244: =: преобразование "int" в "float", возможна потеря данных
g:\visualprojects\pathtracing\pathtracing\pathtracing\source.cpp(374): warning C4244: аргумент: преобразование "float" в "sf::Uint8", возможна потеря данных
g:\visualprojects\pathtracing\pathtracing\pathtracing\source.cpp(379): warning C4244: аргумент: преобразование "double" в "int", возможна потеря данных
g:\visualprojects\pathtracing\pathtracing\pathtracing\source.cpp(379): warning C4244: инициализация: преобразование "double" в "int", возможна потеря данных
g:\visualprojects\pathtracing\pathtracing\pathtracing\source.cpp(380): warning C4244: аргумент: преобразование "double" в "int", возможна потеря данных
g:\visualprojects\pathtracing\pathtracing\pathtracing\source.cpp(380): warning C4244: инициализация: преобразование "double" в "int", возможна потеря данных
g:\visualprojects\pathtracing\pathtracing\pathtracing\source.cpp(384): warning C4244: =: преобразование "double" в "float", возможна потеря данных
g:\visualprojects\pathtracing\pathtracing\pathtracing\source.cpp(386): warning C4244: аргумент: преобразование "int" в "float", возможна потеря данных
g:\visualprojects\pathtracing\pathtracing\pathtracing\source.cpp(389): warning C4244: =: преобразование "int" в "float", возможна потеря данных
g:\visualprojects\pathtracing\pathtracing\pathtracing\source.cpp(391): warning C4244: аргумент: преобразование "float" в "sf::Uint8", возможна потеря данных
g:\visualprojects\pathtracing\pathtracing\pathtracing\source.cpp(248): warning C4101: lenghArray: неиспользованная локальная переменная
sfml-graphics.lib(sfml-graphics-2.dll) : fatal error LNK1112: тип компьютера модуля "x64" противоречит типу целевого компьютера "x86"
