  Source.cpp
g:\visualprojects\pathtracing\pathtracing\pathtracing\source.cpp(27): warning C4244: =: преобразование "double" в "float", возможна потеря данных
g:\visualprojects\pathtracing\pathtracing\pathtracing\source.cpp(28): warning C4244: =: преобразование "double" в "float", возможна потеря данных
g:\visualprojects\pathtracing\pathtracing\pathtracing\source.cpp(66): warning C4267: return: преобразование из "size_t" в "int"; возможна потеря данных
g:\visualprojects\pathtracing\pathtracing\pathtracing\source.cpp(145): warning C4244: =: преобразование "double" в "int", возможна потеря данных
g:\visualprojects\pathtracing\pathtracing\pathtracing\source.cpp(168): warning C4244: аргумент: преобразование "double" в "int", возможна потеря данных
g:\visualprojects\pathtracing\pathtracing\pathtracing\source.cpp(286): warning C4244: =: преобразование "int" в "float", возможна потеря данных
g:\visualprojects\pathtracing\pathtracing\pathtracing\source.cpp(291): warning C4244: аргумент: преобразование "double" в "int", возможна потеря данных
g:\visualprojects\pathtracing\pathtracing\pathtracing\source.cpp(291): warning C4244: инициализация: преобразование "double" в "int", возможна потеря данных
g:\visualprojects\pathtracing\pathtracing\pathtracing\source.cpp(292): warning C4244: аргумент: преобразование "double" в "int", возможна потеря данных
g:\visualprojects\pathtracing\pathtracing\pathtracing\source.cpp(292): warning C4244: инициализация: преобразование "double" в "int", возможна потеря данных
g:\visualprojects\pathtracing\pathtracing\pathtracing\source.cpp(294): warning C4244: аргумент: преобразование "int" в "float", возможна потеря данных
g:\visualprojects\pathtracing\pathtracing\pathtracing\source.cpp(335): warning C4244: аргумент: преобразование "double" в "int", возможна потеря данных
g:\visualprojects\pathtracing\pathtracing\pathtracing\source.cpp(336): warning C4244: аргумент: преобразование "double" в "int", возможна потеря данных
g:\visualprojects\pathtracing\pathtracing\pathtracing\source.cpp(339): warning C4244: аргумент: преобразование "double" в "int", возможна потеря данных
g:\visualprojects\pathtracing\pathtracing\pathtracing\source.cpp(340): warning C4244: аргумент: преобразование "double" в "int", возможна потеря данных
g:\visualprojects\pathtracing\pathtracing\pathtracing\source.cpp(343): warning C4244: аргумент: преобразование "double" в "int", возможна потеря данных
g:\visualprojects\pathtracing\pathtracing\pathtracing\source.cpp(344): warning C4244: аргумент: преобразование "double" в "int", возможна потеря данных
g:\visualprojects\pathtracing\pathtracing\pathtracing\source.cpp(347): warning C4244: аргумент: преобразование "double" в "int", возможна потеря данных
g:\visualprojects\pathtracing\pathtracing\pathtracing\source.cpp(348): warning C4244: аргумент: преобразование "double" в "int", возможна потеря данных
g:\visualprojects\pathtracing\pathtracing\pathtracing\source.cpp(364): warning C4244: аргумент: преобразование "double" в "int", возможна потеря данных
g:\visualprojects\pathtracing\pathtracing\pathtracing\source.cpp(364): warning C4244: инициализация: преобразование "double" в "int", возможна потеря данных
g:\visualprojects\pathtracing\pathtracing\pathtracing\source.cpp(365): warning C4244: аргумент: преобразование "double" в "int", возможна потеря данных
g:\visualprojects\pathtracing\pathtracing\pathtracing\source.cpp(365): warning C4244: инициализация: преобразование "double" в "int", возможна потеря данных
g:\visualprojects\pathtracing\pathtracing\pathtracing\source.cpp(369): warning C4244: =: преобразование "double" в "float", возможна потеря данных
g:\visualprojects\pathtracing\pathtracing\pathtracing\source.cpp(371): warning C4244: аргумент: преобразование "int" в "float", возможна потеря данных
g:\visualprojects\pathtracing\pathtracing\pathtracing\source.cpp(374): warning C4244: =: преобразование "int" в "float", возможна потеря данных
g:\visualprojects\pathtracing\pathtracing\pathtracing\source.cpp(375): warning C4244: инициализация: преобразование "float" в "uint8_t", возможна потеря данных
g:\visualprojects\pathtracing\pathtracing\pathtracing\source.cpp(381): warning C4244: аргумент: преобразование "double" в "int", возможна потеря данных
g:\visualprojects\pathtracing\pathtracing\pathtracing\source.cpp(381): warning C4244: инициализация: преобразование "double" в "int", возможна потеря данных
g:\visualprojects\pathtracing\pathtracing\pathtracing\source.cpp(382): warning C4244: аргумент: преобразование "double" в "int", возможна потеря данных
g:\visualprojects\pathtracing\pathtracing\pathtracing\source.cpp(382): warning C4244: инициализация: преобразование "double" в "int", возможна потеря данных
g:\visualprojects\pathtracing\pathtracing\pathtracing\source.cpp(386): warning C4244: =: преобразование "double" в "float", возможна потеря данных
g:\visualprojects\pathtracing\pathtracing\pathtracing\source.cpp(388): warning C4244: аргумент: преобразование "int" в "float", возможна потеря данных
g:\visualprojects\pathtracing\pathtracing\pathtracing\source.cpp(391): warning C4244: =: преобразование "int" в "float", возможна потеря данных
g:\visualprojects\pathtracing\pathtracing\pathtracing\source.cpp(393): warning C4244: инициализация: преобразование "float" в "uint8_t", возможна потеря данных
g:\visualprojects\pathtracing\pathtracing\pathtracing\source.cpp(250): warning C4101: lenghArray: неиспользованная локальная переменная
  Создание кода
  3 of 375 functions ( 0.8%) were compiled, the rest were copied from previous compilation.
    0 functions were new in current compilation
    0 functions had inline decision re-evaluated but remain unchanged
  Создание кода завершено
  PathTracing.vcxproj -> G:\VisualProjects\PathTracing\PathTracing\x64\Release\PathTracing.exe
